<?xml version="1.0"?>
<?xml-stylesheet type="text/xsl" href="http://check.sourceforge.net/xml/check_unittest.xslt"?>
<testsuites xmlns="http://check.sourceforge.net/ns">
  <datetime>2019-10-01 19:09:47</datetime>
  <suite>
    <title>alltests</title>
    <test result="success">
      <path>tests</path>
      <fn>strength-test.check:14</fn>
      <id>empty</id>
      <iteration>0</iteration>
      <duration>0.000042</duration>
      <description>simple</description>
      <message>Passed</message>
    </test>
    <test result="success">
      <path>tests</path>
      <fn>strength-test.check:27</fn>
      <id>lower</id>
      <iteration>0</iteration>
      <duration>0.000087</duration>
      <description>simple</description>
      <message>Passed</message>
    </test>
    <test result="success">
      <path>tests</path>
      <fn>strength-test.check:40</fn>
      <id>upper</id>
      <iteration>0</iteration>
      <duration>0.000088</duration>
      <description>simple</description>
      <message>Passed</message>
    </test>
    <test result="success">
      <path>tests</path>
      <fn>strength-test.check:56</fn>
      <id>lower_upper</id>
      <iteration>0</iteration>
      <duration>0.000098</duration>
      <description>simple</description>
      <message>Passed</message>
    </test>
    <test result="success">
      <path>tests</path>
      <fn>strength-test.check:66</fn>
      <id>lower_upper_digit</id>
      <iteration>0</iteration>
      <duration>0.000078</duration>
      <description>simple</description>
      <message>Passed</message>
    </test>
    <test result="success">
      <path>tests</path>
      <fn>strength-test.check:82</fn>
      <id>lower_upper_digit_symbol</id>
      <iteration>0</iteration>
      <duration>0.000099</duration>
      <description>simple</description>
      <message>Passed</message>
    </test>
    <test result="success">
      <path>tests</path>
      <fn>strength-test.check:95</fn>
      <id>lower_long</id>
      <iteration>0</iteration>
      <duration>0.000087</duration>
      <description>simple</description>
      <message>Passed</message>
    </test>
    <test result="success">
      <path>tests</path>
      <fn>strength-test.check:108</fn>
      <id>everything</id>
      <iteration>0</iteration>
      <duration>0.000091</duration>
      <description>simple</description>
      <message>Passed</message>
    </test>
  </suite>
  <duration>0.106359</duration>
</testsuites>
