<?xml version="1.0"?>
<?xml-stylesheet type="text/xsl" href="http://check.sourceforge.net/xml/check_unittest.xslt"?>
<testsuites xmlns="http://check.sourceforge.net/ns">
  <datetime>2019-10-30 12:05:31</datetime>
  <suite>
    <title>alltests</title>
    <test result="success">
      <path>tests</path>
      <fn>solve.check:90</fn>
      <id>test_solve</id>
      <iteration>0</iteration>
      <duration>0.010716</duration>
      <description>test_solve</description>
      <message>Passed</message>
    </test>
  </suite>
  <duration>0.045065</duration>
</testsuites>
