<?xml version="1.0"?>
<?xml-stylesheet type="text/xsl" href="http://check.sourceforge.net/xml/check_unittest.xslt"?>
<testsuites xmlns="http://check.sourceforge.net/ns">
  <datetime>2019-09-28 16:06:58</datetime>
  <suite>
    <title>alltests</title>
    <test result="success">
      <path>tests</path>
      <fn>am_or_fm-test.check:78</fn>
      <id>sum2test</id>
      <iteration>0</iteration>
      <duration>0.000661</duration>
      <description>simple</description>
      <message>Passed</message>
    </test>
  </suite>
  <duration>0.012056</duration>
</testsuites>
